ars.res
az_AZ.res
brkitr/res_index.res
bs_BA.res
cnvalias.icu
coll/res_index.res
coll/ucadata.icu
confusables.cfu
curr/ar_SA.res
curr/ars.res
curr/az_AZ.res
curr/az_Latn_AZ.res
curr/bs_BA.res
curr/bs_Latn_BA.res
curr/da.res
curr/de.res
curr/en_NH.res
curr/en.res
curr/en_RH.res
curr/eo.res
curr/es.res
curr/fil_PH.res
curr/fi.res
curr/fr.res
curr/he_IL.res
curr/he.res
curr/id_ID.res
curr/id.res
curr/in_ID.res
curr/in.res
curr/it.res
curr/iw_IL.res
curr/iw.res
curr/ja_JP.res
curr/ja_JP_TRADITIONAL.res
curr/ko.res
curr/mo.res
curr/my.res
curr/nb_NO.res
curr/nl.res
curr/nn_NO.res
curr/no_NO_NY.res
curr/no_NO.res
curr/no.res
curr/pa_Arab_PK.res
curr/pa_Guru_IN.res
curr/pa_IN.res
curr/pa_PK.res
curr/pl.res
curr/pool.res
curr/pt_PT.res
curr/pt.res
curr/res_index.res
curr/root.res
curr/ro.res
curr/ru.res
curr/sh_BA.res
curr/sh_CS.res
curr/shi_MA.res
curr/shi_Tfng_MA.res
curr/sh.res
curr/sh_YU.res
curr/sr_BA.res
curr/sr_CS.res
curr/sr_Cyrl_BA.res
curr/sr_Cyrl_CS.res
curr/sr_Cyrl_RS.res
curr/sr_Cyrl_XK.res
curr/sr_Cyrl_YU.res
curr/sr_Latn_BA.res
curr/sr_Latn_CS.res
curr/sr_Latn_ME.res
curr/sr_Latn_RS.res
curr/sr_Latn_YU.res
curr/sr_ME.res
curr/sr_RS.res
curr/sr_XK.res
curr/sr_YU.res
curr/supplementalData.res
curr/sv.res
curr/th_TH.res
curr/th_TH_TRADITIONAL.res
curr/tl_PH.res
curr/tl.res
curr/tr.res
curr/uk.res
curr/uz_AF.res
curr/uz_Arab_AF.res
curr/uz_Latn_UZ.res
curr/uz_UZ.res
curr/vai_LR.res
curr/vai_Vaii_LR.res
curr/vi.res
curr/yue_CN.res
curr/yue_Hans_CN.res
curr/yue_Hant_HK.res
curr/yue_HK.res
curr/zh_CN.res
curr/zh_Hans_CN.res
curr/zh_Hans.res
curr/zh_Hant_TW.res
curr/zh_HK.res
curr/zh_MO.res
curr/zh.res
curr/zh_SG.res
curr/zh_TW.res
da.res
de.res
en_NH.res
en.res
en_RH.res
eo.res
es.res
fi.res
fr.res
he.res
ibm-1047_P100-1995.cnv
ibm-37_P100-1995.cnv
icustd.res
icuver.res
id.res
in_ID.res
in.res
it.res
iw_IL.res
iw.res
ja_JP_TRADITIONAL.res
ko.res
lang/pool.res
lang/res_index.res
mo.res
my.res
nfkc_cf.nrm
nfkc.nrm
nl.res
no_NO_NY.res
no_NO.res
no.res
numberingSystems.res
pa_IN.res
pa_PK.res
pl.res
pool.res
pt_PT.res
pt.res
rbnf/res_index.res
region/pool.res
region/res_index.res
res_index.res
root.res
ro.res
ru.res
sh_BA.res
sh_CS.res
shi_MA.res
sh.res
sh_YU.res
sr_BA.res
sr_CS.res
sr_Cyrl_CS.res
sr_Cyrl_YU.res
sr_Latn_CS.res
sr_Latn_YU.res
sr_ME.res
sr_RS.res
sr_XK.res
sr_YU.res
sv.res
th_TH_TRADITIONAL.res
tl_PH.res
tl.res
tr.res
uk.res
unames.icu
unit/ar_SA.res
unit/ars.res
unit/az_AZ.res
unit/az_Latn_AZ.res
unit/bs_BA.res
unit/bs_Latn_BA.res
unit/da.res
unit/de.res
unit/en_NH.res
unit/en.res
unit/en_RH.res
unit/eo.res
unit/es.res
unit/fil_PH.res
unit/fi.res
unit/fr.res
unit/he_IL.res
unit/he.res
unit/id_ID.res
unit/id.res
unit/in_ID.res
unit/in.res
unit/it.res
unit/iw_IL.res
unit/iw.res
unit/ja_JP.res
unit/ja_JP_TRADITIONAL.res
unit/ko.res
unit/mo.res
unit/my.res
unit/nb_NO.res
unit/nl.res
unit/nn_NO.res
unit/no_NO_NY.res
unit/no_NO.res
unit/no.res
unit/pa_Arab_PK.res
unit/pa_Guru_IN.res
unit/pa_IN.res
unit/pa_PK.res
unit/pl.res
unit/pool.res
unit/pt_PT.res
unit/pt.res
unit/res_index.res
unit/root.res
unit/ro.res
unit/ru.res
unit/sh_BA.res
unit/sh_CS.res
unit/shi_MA.res
unit/shi_Tfng_MA.res
unit/sh.res
unit/sh_YU.res
unit/sr_BA.res
unit/sr_CS.res
unit/sr_Cyrl_BA.res
unit/sr_Cyrl_CS.res
unit/sr_Cyrl_RS.res
unit/sr_Cyrl_XK.res
unit/sr_Cyrl_YU.res
unit/sr_Latn_BA.res
unit/sr_Latn_CS.res
unit/sr_Latn_ME.res
unit/sr_Latn_RS.res
unit/sr_Latn_YU.res
unit/sr_ME.res
unit/sr_RS.res
unit/sr_XK.res
unit/sr_YU.res
unit/sv.res
unit/th_TH.res
unit/th_TH_TRADITIONAL.res
unit/tl_PH.res
unit/tl.res
unit/tr.res
unit/uk.res
unit/uz_AF.res
unit/uz_Arab_AF.res
unit/uz_Latn_UZ.res
unit/uz_UZ.res
unit/vai_LR.res
unit/vai_Vaii_LR.res
unit/vi.res
unit/yue_CN.res
unit/yue_Hans_CN.res
unit/yue_Hant_HK.res
unit/yue_HK.res
unit/zh_CN.res
unit/zh_Hans_CN.res
unit/zh_Hans.res
unit/zh_Hant_TW.res
unit/zh_HK.res
unit/zh_MO.res
unit/zh.res
unit/zh_SG.res
unit/zh_TW.res
uts46.nrm
uz_AF.res
uz_UZ.res
vai_LR.res
vi.res
yue_CN.res
yue_HK.res
zh_CN.res
zh_Hans.res
zh_HK.res
zh_MO.res
zh.res
zh_SG.res
zh_TW.res
zone/pool.res
zone/res_index.res
